  Compiling CUDA source file CudaCollidingParticles.cu...
  
  C:\temp\Visual Studio 2017\Projects\Game tech avec CUDA\Build\Examples_Cuda>"C:\Program Files\NVIDIA GPU Computing Toolkit\CUDA\v9.0\bin\nvcc.exe" -gencode=arch=compute_30,code=\"sm_30,compute_30\" --use-local-env --cl-version 2017 -ccbin "C:\Program Files (x86)\Microsoft Visual Studio\2017\Professional\VC\Tools\MSVC\14.10.25017\bin\HostX86\x64" -x cu  -I"C:\Program Files\NVIDIA GPU Computing Toolkit\CUDA\v9.0\include" -I"C:\Program Files\NVIDIA GPU Computing Toolkit\CUDA\v9.0\include" -I"C:\Program Files\NVIDIA GPU Computing Toolkit\CUDA\v9.0\/include" -I"C:\Program Files\NVIDIA GPU Computing Toolkit\CUDA\v9.0\include"  -G   --keep-dir x64\Debug -maxrregcount=0  --machine 64 --compile -cudart static  -g   -DWIN32 -D_CRT_SECURE_NO_WARNINGS -D_MBCS -D_MBCS -Xcompiler "/EHsc /W3 /nologo /Od /FS /Zi /RTC1 /MDd " -o x64\Debug\CudaCollidingParticles.cu.obj "C:\temp\Visual Studio 2017\Projects\Game tech avec CUDA\Build\Examples_Cuda\CudaCollidingParticles.cu" 
c:\temp\visual studio 2017\projects\game tech avec cuda\build\ncltech\Hull.h(75): warning : missing return statement at end of non-void function "Hull::AddFace(const Vector3 &, const std::vector<int, std::allocator<int>> &)"
c:\temp\visual studio 2017\projects\game tech avec cuda\build\ncltech\Hull.h(75): warning : missing return statement at end of non-void function "Hull::AddFace(const Vector3 &, const std::vector<int, std::allocator<int>> &)"
  CudaCollidingParticles.cu
C:\temp\Visual Studio 2017\Projects\Game tech avec CUDA\Build\ncltech\SceneManager.h(53): warning C4267: 'return': conversion from 'size_t' to 'uint', possible loss of data
C:/temp/Visual Studio 2017/Projects/Game tech avec CUDA/Build/Examples_Cuda/CudaCollidingParticles.cu(464): warning C4267: 'initializing': conversion from 'size_t' to 'uint', possible loss of data
C:\Program Files\NVIDIA GPU Computing Toolkit\CUDA\v9.0\include\thrust/iterator/iterator_adaptor.h(204): warning C4244: '+=': conversion from '__int64' to 'unsigned int', possible loss of data
  C:\Program Files\NVIDIA GPU Computing Toolkit\CUDA\v9.0\include\thrust/iterator/iterator_adaptor.h(202): note: while compiling class template member function 'void thrust::iterator_adaptor<thrust::counting_iterator<unsigned int,thrust::use_default,thrust::use_default,thrust::use_default>,Incrementable,Incrementable,thrust::any_system_tag,thrust::random_access_traversal_tag,Incrementable,__int64>::advance(__int64)'
          with
          [
              Incrementable=unsigned int
          ]
  C:\Program Files\NVIDIA GPU Computing Toolkit\CUDA\v9.0\include\thrust/iterator/iterator_facade.h(171): note: see reference to function template instantiation 'void thrust::iterator_adaptor<thrust::counting_iterator<unsigned int,thrust::use_default,thrust::use_default,thrust::use_default>,Incrementable,Incrementable,thrust::any_system_tag,thrust::random_access_traversal_tag,Incrementable,__int64>::advance(__int64)' being compiled
          with
          [
              Incrementable=unsigned int
          ]
  C:\Program Files\NVIDIA GPU Computing Toolkit\CUDA\v9.0\include\thrust\iterator\counting_iterator.h(132): note: see reference to class template instantiation 'thrust::iterator_adaptor<thrust::counting_iterator<unsigned int,thrust::use_default,thrust::use_default,thrust::use_default>,Incrementable,Incrementable,thrust::any_system_tag,thrust::random_access_traversal_tag,Incrementable,__int64>' being compiled
          with
          [
              Incrementable=unsigned int
          ]
  C:/temp/Visual Studio 2017/Projects/Game tech avec CUDA/Build/Examples_Cuda/CudaCollidingParticles.cu(535): note: see reference to class template instantiation 'thrust::counting_iterator<unsigned int,thrust::use_default,thrust::use_default,thrust::use_default>' being compiled
  SOIL.lib(SOIL.obj) : MSIL .netmodule or module compiled with /GL found; restarting link with /LTCG; add /LTCG to the link command line to improve linker performance
LINK : warning LNK4075: ignoring '/INCREMENTAL' due to '/LTCG' specification
LINK : warning LNK4098: defaultlib 'MSVCRT' conflicts with use of other libs; use /NODEFAULTLIB:library
LINK : warning LNK4098: defaultlib 'LIBCMT' conflicts with use of other libs; use /NODEFAULTLIB:library
  Generating code
  Finished generating code
glew32.lib(glew.obj) : warning LNK4099: PDB 'vc120.pdb' was not found with 'glew32.lib(glew.obj)' or at 'C:\temp\Visual Studio 2017\Projects\Game tech avec CUDA\Build\x64\Debug\vc120.pdb'; linking object as if no debug info
  Examples_Cuda.vcxproj -> C:\temp\Visual Studio 2017\Projects\Game tech avec CUDA\Build\x64\Debug\Examples_Cuda.exe
  Examples_Cuda.vcxproj -> C:\temp\Visual Studio 2017\Projects\Game tech avec CUDA\Build\x64\Debug\Examples_Cuda.pdb (Partial PDB)
